IQ-TREE single-core version 3.1.2 for MacOS ARM 64-bit built May  7 2026
Developed by Bui Quang Minh, Thomas Wong, Nhan Ly-Trong, Huaiyan Ren
Contributed by Lam-Tung Nguyen, Dominik Schrempf, Chris Bielow,
Olga Chernomor, Michael Woodhams, Diep Thi Hoang, Heiko Schmidt

Host:    Nargess-MacBook-Pro.local (SSE4.2, 16 GB RAM)
Command: iqtree3 -s outputs/aligned.fasta -pre outputs/iqtree_out -m GTR+G
Seed:    804466 (Using SPRNG - Scalable Parallel Random Number Generator)
Time:    Mon May 18 13:06:59 2026
Kernel:  SSE2

NOTE: Consider using the multicore version because your CPU has 8 cores!

Reading alignment file outputs/aligned.fasta ... Fasta format detected
Reading fasta file: done in 4.69685e-05 secs using 51.1% CPU
Alignment most likely contains DNA/RNA sequences
Constructing alignment: done in 6.79493e-05 secs using 35.32% CPU
Alignment has 12 sequences with 57 columns, 16 distinct patterns
10 parsimony-informative, 5 singleton sites, 42 constant sites
                 Gap/Ambiguity  Composition  p-value
Analyzing sequences: done in 1.90735e-05 secs using 15.73% CPU
   1  B_001_synthetic    0.00%    passed     96.06%
   2  B_002_synthetic    0.00%    passed     94.80%
   3  B_003_synthetic    0.00%    passed     99.69%
   4  B_004_synthetic    0.00%    passed     91.13%
   5  B_005_synthetic    0.00%    passed     87.19%
   6  B_006_synthetic    0.00%    passed     99.69%
   7  O_001_synthetic    0.00%    passed     98.15%
   8  O_002_synthetic    0.00%    passed     89.60%
   9  O_003_synthetic    0.00%    passed     94.80%
  10  O_004_synthetic    0.00%    passed     97.12%
  11  O_005_synthetic    0.00%    passed     99.92%
  12  O_006_synthetic    0.00%    passed     89.60%
****  TOTAL              0.00%  0 sequences failed composition chi2 test (p-value<5%; df=3)
Checking for duplicate sequences: done in 1.28746e-05 secs using 54.37% CPU

Create initial parsimony tree by phylogenetic likelihood library (PLL)... 0.000 seconds

NOTE: 0 MB RAM (0 GB) is required!
Estimate model parameters (epsilon = 0.100)
1. Initial log-likelihood: -171.160
2. Current log-likelihood: -161.503
3. Current log-likelihood: -160.774
Optimal log-likelihood: -160.753
Rate parameters:  A-C: 0.00010  A-G: 10.12755  A-T: 1.16031  C-G: 0.94343  C-T: 7.61649  G-T: 1.00000
Warning! Some parameters hit the boundaries
Base frequencies:  A: 0.194  C: 0.243  G: 0.288  T: 0.275
Gamma shape alpha: 2.068
Parameters optimization took 3 rounds (0.007 sec)
Wrote distance file to... 
Computing ML distances based on estimated model parameters...
Calculating distance matrix: done in 0.00072813 secs using 99.43% CPU
Computing ML distances took 0.000758 sec (of wall-clock time) 0.000742 sec (of CPU time)
Setting up auxiliary I and S matrices: done in 1.09673e-05 secs using 72.94% CPU
Constructing RapidNJ tree: done in 1.50204e-05 secs using 86.55% CPU
Computing RapidNJ tree took 0.000054 sec (of wall-clock time) 0.000037 sec (of CPU time)
Log-likelihood of RapidNJ tree: -160.754
--------------------------------------------------------------------
|             INITIALIZING CANDIDATE TREE SET                      |
--------------------------------------------------------------------
Generating 98 parsimony trees... 0.011 second
Computing log-likelihood of 98 initial trees ... 0.011 seconds
Current best score: -160.753

Do NNI search on 20 best initial trees
Estimate model parameters (epsilon = 0.100)
BETTER TREE FOUND at iteration 1: -160.750
BETTER TREE FOUND at iteration 3: -160.750
Iteration 10 / LogL: -160.750 / Time: 0h:0m:0s
Iteration 20 / LogL: -160.750 / Time: 0h:0m:0s
Finish initializing candidate tree set (17)
Current best tree score: -160.750 / CPU time: 0.032
Number of iterations: 20
--------------------------------------------------------------------
|               OPTIMIZING CANDIDATE TREE SET                      |
--------------------------------------------------------------------
BETTER TREE FOUND at iteration 24: -160.750
UPDATE BEST LOG-LIKELIHOOD: -160.750
Iteration 30 / LogL: -160.751 / Time: 0h:0m:0s (0h:0m:0s left)
Iteration 40 / LogL: -181.799 / Time: 0h:0m:0s (0h:0m:0s left)
Iteration 50 / LogL: -162.283 / Time: 0h:0m:0s (0h:0m:0s left)
Iteration 60 / LogL: -160.751 / Time: 0h:0m:0s (0h:0m:0s left)
UPDATE BEST LOG-LIKELIHOOD: -160.750
Iteration 70 / LogL: -160.751 / Time: 0h:0m:0s (0h:0m:0s left)
Iteration 80 / LogL: -160.750 / Time: 0h:0m:0s (0h:0m:0s left)
BETTER TREE FOUND at iteration 82: -160.750
Iteration 90 / LogL: -160.750 / Time: 0h:0m:0s (0h:0m:0s left)
Iteration 100 / LogL: -160.750 / Time: 0h:0m:0s (0h:0m:0s left)
Iteration 110 / LogL: -160.750 / Time: 0h:0m:0s (0h:0m:0s left)
Iteration 120 / LogL: -160.750 / Time: 0h:0m:0s (0h:0m:0s left)
Iteration 130 / LogL: -160.750 / Time: 0h:0m:0s (0h:0m:0s left)
Iteration 140 / LogL: -160.750 / Time: 0h:0m:0s (0h:0m:0s left)
Iteration 150 / LogL: -160.750 / Time: 0h:0m:0s (0h:0m:0s left)
Iteration 160 / LogL: -162.504 / Time: 0h:0m:0s (0h:0m:0s left)
Iteration 170 / LogL: -160.751 / Time: 0h:0m:0s (0h:0m:0s left)
Iteration 180 / LogL: -160.750 / Time: 0h:0m:0s (0h:0m:0s left)
TREE SEARCH COMPLETED AFTER 183 ITERATIONS / Time: 0h:0m:0s

--------------------------------------------------------------------
|                    FINALIZING TREE SEARCH                        |
--------------------------------------------------------------------
Performs final model parameters optimization
Estimate model parameters (epsilon = 0.010)
1. Initial log-likelihood: -160.750
Optimal log-likelihood: -160.750
Rate parameters:  A-C: 0.00010  A-G: 10.22536  A-T: 1.08603  C-G: 0.96526  C-T: 7.55194  G-T: 1.00000
Warning! Some parameters hit the boundaries
Base frequencies:  A: 0.194  C: 0.243  G: 0.288  T: 0.275
Gamma shape alpha: 2.084
Parameters optimization took 1 rounds (0.001 sec)
BEST SCORE FOUND : -160.750
Total tree length: 0.344

Total number of iterations: 183
CPU time used for tree search: 0.202 sec (0h:0m:0s)
Wall-clock time used for tree search: 0.208 sec (0h:0m:0s)
Total CPU time used: 0.216 sec (0h:0m:0s)
Total wall-clock time used: 0.225 sec (0h:0m:0s)

Analysis results written to: 
  IQ-TREE report:                outputs/iqtree_out.iqtree
  Maximum-likelihood tree:       outputs/iqtree_out.treefile
  Likelihood distances:          outputs/iqtree_out.mldist
  Screen log file:               outputs/iqtree_out.log

Date and Time: Mon May 18 13:07:00 2026
